{"C:\\Users\\user\\Desktop\\nodejs_fundamentals\\Node.js_Fundamentals\\integration_testing\\index.js": {"path":"C:\\Users\\user\\Desktop\\nodejs_fundamentals\\Node.js_Fundamentals\\integration_testing\\index.js","statementMap":{"0":{"start":{"line":1,"column":19},"end":{"line":1,"column":45}},"1":{"start":{"line":2,"column":15},"end":{"line":2,"column":32}},"2":{"start":{"line":3,"column":16},"end":{"line":3,"column":34}},"3":{"start":{"line":4,"column":12},"end":{"line":4,"column":21}},"4":{"start":{"line":6,"column":0},"end":{"line":6,"column":15}},"5":{"start":{"line":8,"column":0},"end":{"line":8,"column":29}},"6":{"start":{"line":9,"column":0},"end":{"line":9,"column":33}},"7":{"start":{"line":10,"column":0},"end":{"line":10,"column":26}},"8":{"start":{"line":11,"column":0},"end":{"line":11,"column":30}},"9":{"start":{"line":12,"column":0},"end":{"line":12,"column":34}},"10":{"start":{"line":14,"column":13},"end":{"line":14,"column":37}},"11":{"start":{"line":15,"column":15},"end":{"line":15,"column":83}},"12":{"start":{"line":15,"column":40},"end":{"line":15,"column":80}},"13":{"start":{"line":17,"column":0},"end":{"line":17,"column":24}}},"fnMap":{"0":{"name":"(anonymous_0)","decl":{"start":{"line":15,"column":32},"end":{"line":15,"column":33}},"loc":{"start":{"line":15,"column":38},"end":{"line":15,"column":82}},"line":15}},"branchMap":{"0":{"loc":{"start":{"line":14,"column":13},"end":{"line":14,"column":37}},"type":"binary-expr","locations":[{"start":{"line":14,"column":13},"end":{"line":14,"column":29}},{"start":{"line":14,"column":33},"end":{"line":14,"column":37}}],"line":14}},"s":{"0":4,"1":4,"2":4,"3":4,"4":4,"5":4,"6":4,"7":4,"8":4,"9":4,"10":4,"11":4,"12":4,"13":4},"f":{"0":4},"b":{"0":[4,4]},"_coverageSchema":"43e27e138ebf9cfc5966b082cf9a028302ed4184","hash":"ff388213f7b6a1e2d3295888c468c8a83da5ab57"}
,"C:\\Users\\user\\Desktop\\nodejs_fundamentals\\Node.js_Fundamentals\\integration_testing\\helper\\logger.js": {"path":"C:\\Users\\user\\Desktop\\nodejs_fundamentals\\Node.js_Fundamentals\\integration_testing\\helper\\logger.js","statementMap":{"0":{"start":{"line":1,"column":16},"end":{"line":1,"column":34}},"1":{"start":{"line":2,"column":15},"end":{"line":15,"column":2}},"2":{"start":{"line":17,"column":0},"end":{"line":17,"column":30}}},"fnMap":{},"branchMap":{},"s":{"0":4,"1":4,"2":4},"f":{},"b":{},"_coverageSchema":"43e27e138ebf9cfc5966b082cf9a028302ed4184","hash":"97e262993e8a28f2a917117d5ff46f7cddbe615b"}
,"C:\\Users\\user\\Desktop\\nodejs_fundamentals\\Node.js_Fundamentals\\integration_testing\\middleware\\admin.js": {"path":"C:\\Users\\user\\Desktop\\nodejs_fundamentals\\Node.js_Fundamentals\\integration_testing\\middleware\\admin.js","statementMap":{"0":{"start":{"line":1,"column":0},"end":{"line":10,"column":1}},"1":{"start":{"line":6,"column":4},"end":{"line":6,"column":32}},"2":{"start":{"line":7,"column":4},"end":{"line":7,"column":72}},"3":{"start":{"line":7,"column":27},"end":{"line":7,"column":72}},"4":{"start":{"line":9,"column":4},"end":{"line":9,"column":11}}},"fnMap":{"0":{"name":"(anonymous_0)","decl":{"start":{"line":1,"column":17},"end":{"line":1,"column":18}},"loc":{"start":{"line":1,"column":43},"end":{"line":10,"column":1}},"line":1}},"branchMap":{"0":{"loc":{"start":{"line":7,"column":4},"end":{"line":7,"column":72}},"type":"if","locations":[{"start":{"line":7,"column":4},"end":{"line":7,"column":72}},{"start":{"line":7,"column":4},"end":{"line":7,"column":72}}],"line":7}},"s":{"0":4,"1":0,"2":0,"3":0,"4":0},"f":{"0":0},"b":{"0":[0,0]},"_coverageSchema":"43e27e138ebf9cfc5966b082cf9a028302ed4184","hash":"a85fbfbb75afcf1a3cf96539fe5c0767552beaec"}
,"C:\\Users\\user\\Desktop\\nodejs_fundamentals\\Node.js_Fundamentals\\integration_testing\\middleware\\auth.js": {"path":"C:\\Users\\user\\Desktop\\nodejs_fundamentals\\Node.js_Fundamentals\\integration_testing\\middleware\\auth.js","statementMap":{"0":{"start":{"line":1,"column":12},"end":{"line":1,"column":35}},"1":{"start":{"line":2,"column":15},"end":{"line":2,"column":32}},"2":{"start":{"line":3,"column":0},"end":{"line":3,"column":16}},"3":{"start":{"line":5,"column":0},"end":{"line":18,"column":1}},"4":{"start":{"line":6,"column":18},"end":{"line":6,"column":44}},"5":{"start":{"line":7,"column":4},"end":{"line":7,"column":81}},"6":{"start":{"line":7,"column":16},"end":{"line":7,"column":81}},"7":{"start":{"line":9,"column":4},"end":{"line":17,"column":5}},"8":{"start":{"line":10,"column":24},"end":{"line":10,"column":68}},"9":{"start":{"line":11,"column":8},"end":{"line":11,"column":27}},"10":{"start":{"line":12,"column":8},"end":{"line":12,"column":14}},"11":{"start":{"line":16,"column":8},"end":{"line":16,"column":47}}},"fnMap":{"0":{"name":"(anonymous_0)","decl":{"start":{"line":5,"column":17},"end":{"line":5,"column":18}},"loc":{"start":{"line":5,"column":43},"end":{"line":18,"column":1}},"line":5}},"branchMap":{"0":{"loc":{"start":{"line":7,"column":4},"end":{"line":7,"column":81}},"type":"if","locations":[{"start":{"line":7,"column":4},"end":{"line":7,"column":81}},{"start":{"line":7,"column":4},"end":{"line":7,"column":81}}],"line":7}},"s":{"0":5,"1":5,"2":5,"3":5,"4":19,"5":19,"6":4,"7":15,"8":15,"9":14,"10":14,"11":1},"f":{"0":19},"b":{"0":[4,15]},"_coverageSchema":"43e27e138ebf9cfc5966b082cf9a028302ed4184","hash":"523da2a7230c2432277b26a7673c1df66cd1cef4"}
,"C:\\Users\\user\\Desktop\\nodejs_fundamentals\\Node.js_Fundamentals\\integration_testing\\middleware\\error.js": {"path":"C:\\Users\\user\\Desktop\\nodejs_fundamentals\\Node.js_Fundamentals\\integration_testing\\middleware\\error.js","statementMap":{"0":{"start":{"line":1,"column":19},"end":{"line":1,"column":46}},"1":{"start":{"line":3,"column":0},"end":{"line":7,"column":1}},"2":{"start":{"line":4,"column":4},"end":{"line":4,"column":34}},"3":{"start":{"line":6,"column":4},"end":{"line":6,"column":47}}},"fnMap":{"0":{"name":"(anonymous_0)","decl":{"start":{"line":3,"column":17},"end":{"line":3,"column":18}},"loc":{"start":{"line":3,"column":48},"end":{"line":7,"column":1}},"line":3}},"branchMap":{},"s":{"0":4,"1":4,"2":0,"3":0},"f":{"0":0},"b":{},"_coverageSchema":"43e27e138ebf9cfc5966b082cf9a028302ed4184","hash":"fcc638d3dde8fa3ab034b3b925f0412803170c5a"}
,"C:\\Users\\user\\Desktop\\nodejs_fundamentals\\Node.js_Fundamentals\\integration_testing\\middleware\\validateObjectId.js": {"path":"C:\\Users\\user\\Desktop\\nodejs_fundamentals\\Node.js_Fundamentals\\integration_testing\\middleware\\validateObjectId.js","statementMap":{"0":{"start":{"line":1,"column":17},"end":{"line":1,"column":36}},"1":{"start":{"line":3,"column":0},"end":{"line":11,"column":1}},"2":{"start":{"line":5,"column":4},"end":{"line":7,"column":5}},"3":{"start":{"line":6,"column":8},"end":{"line":6,"column":50}},"4":{"start":{"line":10,"column":4},"end":{"line":10,"column":11}}},"fnMap":{"0":{"name":"(anonymous_0)","decl":{"start":{"line":3,"column":17},"end":{"line":3,"column":18}},"loc":{"start":{"line":3,"column":43},"end":{"line":11,"column":1}},"line":3}},"branchMap":{"0":{"loc":{"start":{"line":5,"column":4},"end":{"line":7,"column":5}},"type":"if","locations":[{"start":{"line":5,"column":4},"end":{"line":7,"column":5}},{"start":{"line":5,"column":4},"end":{"line":7,"column":5}}],"line":5}},"s":{"0":4,"1":4,"2":6,"3":3,"4":3},"f":{"0":6},"b":{"0":[3,3]},"_coverageSchema":"43e27e138ebf9cfc5966b082cf9a028302ed4184","hash":"3e2de400712628d2725e46200b62cb792ae0af22"}
,"C:\\Users\\user\\Desktop\\nodejs_fundamentals\\Node.js_Fundamentals\\integration_testing\\models\\customer.js": {"path":"C:\\Users\\user\\Desktop\\nodejs_fundamentals\\Node.js_Fundamentals\\integration_testing\\models\\customer.js","statementMap":{"0":{"start":{"line":1,"column":12},"end":{"line":1,"column":32}},"1":{"start":{"line":2,"column":17},"end":{"line":2,"column":36}},"2":{"start":{"line":4,"column":17},"end":{"line":21,"column":3}},"3":{"start":{"line":24,"column":19},"end":{"line":28,"column":6}},"4":{"start":{"line":30,"column":4},"end":{"line":30,"column":36}},"5":{"start":{"line":33,"column":0},"end":{"line":36,"column":1}}},"fnMap":{"0":{"name":"validateCustomer","decl":{"start":{"line":23,"column":9},"end":{"line":23,"column":25}},"loc":{"start":{"line":23,"column":36},"end":{"line":31,"column":1}},"line":23}},"branchMap":{},"s":{"0":4,"1":4,"2":4,"3":0,"4":0,"5":4},"f":{"0":0},"b":{},"_coverageSchema":"43e27e138ebf9cfc5966b082cf9a028302ed4184","hash":"c2e50090642f5fa9d54530000e67de088e02addb"}
,"C:\\Users\\user\\Desktop\\nodejs_fundamentals\\Node.js_Fundamentals\\integration_testing\\models\\genre.js": {"path":"C:\\Users\\user\\Desktop\\nodejs_fundamentals\\Node.js_Fundamentals\\integration_testing\\models\\genre.js","statementMap":{"0":{"start":{"line":1,"column":12},"end":{"line":1,"column":32}},"1":{"start":{"line":2,"column":17},"end":{"line":2,"column":36}},"2":{"start":{"line":4,"column":20},"end":{"line":11,"column":2}},"3":{"start":{"line":13,"column":14},"end":{"line":13,"column":50}},"4":{"start":{"line":16,"column":19},"end":{"line":18,"column":6}},"5":{"start":{"line":20,"column":4},"end":{"line":20,"column":34}},"6":{"start":{"line":23,"column":0},"end":{"line":27,"column":1}}},"fnMap":{"0":{"name":"validateGenre","decl":{"start":{"line":15,"column":9},"end":{"line":15,"column":22}},"loc":{"start":{"line":15,"column":30},"end":{"line":21,"column":1}},"line":15}},"branchMap":{},"s":{"0":4,"1":4,"2":4,"3":4,"4":13,"5":13,"6":4},"f":{"0":13},"b":{},"_coverageSchema":"43e27e138ebf9cfc5966b082cf9a028302ed4184","hash":"120e5497cf96f5dadb3312bd9dfb76e755ed3cef"}
,"C:\\Users\\user\\Desktop\\nodejs_fundamentals\\Node.js_Fundamentals\\integration_testing\\models\\movie.js": {"path":"C:\\Users\\user\\Desktop\\nodejs_fundamentals\\Node.js_Fundamentals\\integration_testing\\models\\movie.js","statementMap":{"0":{"start":{"line":1,"column":12},"end":{"line":1,"column":32}},"1":{"start":{"line":2,"column":17},"end":{"line":2,"column":36}},"2":{"start":{"line":3,"column":24},"end":{"line":3,"column":42}},"3":{"start":{"line":5,"column":14},"end":{"line":29,"column":3}},"4":{"start":{"line":32,"column":19},"end":{"line":37,"column":6}},"5":{"start":{"line":39,"column":4},"end":{"line":39,"column":34}},"6":{"start":{"line":42,"column":0},"end":{"line":45,"column":1}}},"fnMap":{"0":{"name":"validateMovie","decl":{"start":{"line":31,"column":9},"end":{"line":31,"column":22}},"loc":{"start":{"line":31,"column":30},"end":{"line":40,"column":1}},"line":31}},"branchMap":{},"s":{"0":4,"1":4,"2":4,"3":4,"4":0,"5":0,"6":4},"f":{"0":0},"b":{},"_coverageSchema":"43e27e138ebf9cfc5966b082cf9a028302ed4184","hash":"7a384b43932d9541ce4aa51dbf05b31b46dfdf45"}
,"C:\\Users\\user\\Desktop\\nodejs_fundamentals\\Node.js_Fundamentals\\integration_testing\\models\\rental.js": {"path":"C:\\Users\\user\\Desktop\\nodejs_fundamentals\\Node.js_Fundamentals\\integration_testing\\models\\rental.js","statementMap":{"0":{"start":{"line":1,"column":12},"end":{"line":1,"column":32}},"1":{"start":{"line":2,"column":17},"end":{"line":2,"column":36}},"2":{"start":{"line":4,"column":15},"end":{"line":58,"column":3}},"3":{"start":{"line":61,"column":19},"end":{"line":64,"column":6}},"4":{"start":{"line":66,"column":4},"end":{"line":66,"column":34}},"5":{"start":{"line":69,"column":0},"end":{"line":72,"column":1}}},"fnMap":{"0":{"name":"validateRental","decl":{"start":{"line":60,"column":9},"end":{"line":60,"column":23}},"loc":{"start":{"line":60,"column":32},"end":{"line":67,"column":1}},"line":60}},"branchMap":{},"s":{"0":4,"1":4,"2":4,"3":0,"4":0,"5":4},"f":{"0":0},"b":{},"_coverageSchema":"43e27e138ebf9cfc5966b082cf9a028302ed4184","hash":"2788b43d3d3355dcd5f279f5cf010149def352e0"}
,"C:\\Users\\user\\Desktop\\nodejs_fundamentals\\Node.js_Fundamentals\\integration_testing\\models\\user.js": {"path":"C:\\Users\\user\\Desktop\\nodejs_fundamentals\\Node.js_Fundamentals\\integration_testing\\models\\user.js","statementMap":{"0":{"start":{"line":1,"column":12},"end":{"line":1,"column":32}},"1":{"start":{"line":2,"column":12},"end":{"line":2,"column":35}},"2":{"start":{"line":3,"column":17},"end":{"line":3,"column":36}},"3":{"start":{"line":4,"column":15},"end":{"line":4,"column":32}},"4":{"start":{"line":5,"column":0},"end":{"line":5,"column":16}},"5":{"start":{"line":7,"column":19},"end":{"line":28,"column":2}},"6":{"start":{"line":30,"column":0},"end":{"line":33,"column":1}},"7":{"start":{"line":31,"column":18},"end":{"line":31,"column":95}},"8":{"start":{"line":32,"column":4},"end":{"line":32,"column":17}},"9":{"start":{"line":35,"column":13},"end":{"line":35,"column":47}},"10":{"start":{"line":38,"column":19},"end":{"line":42,"column":6}},"11":{"start":{"line":44,"column":4},"end":{"line":44,"column":32}},"12":{"start":{"line":47,"column":0},"end":{"line":47,"column":27}},"13":{"start":{"line":48,"column":0},"end":{"line":48,"column":42}}},"fnMap":{"0":{"name":"(anonymous_0)","decl":{"start":{"line":30,"column":39},"end":{"line":30,"column":40}},"loc":{"start":{"line":30,"column":51},"end":{"line":33,"column":1}},"line":30},"1":{"name":"validateUser","decl":{"start":{"line":37,"column":15},"end":{"line":37,"column":27}},"loc":{"start":{"line":37,"column":34},"end":{"line":45,"column":1}},"line":37}},"branchMap":{},"s":{"0":6,"1":6,"2":6,"3":6,"4":6,"5":6,"6":6,"7":19,"8":19,"9":6,"10":0,"11":0,"12":6,"13":6},"f":{"0":19,"1":0},"b":{},"_coverageSchema":"43e27e138ebf9cfc5966b082cf9a028302ed4184","hash":"966d436a28d1639b16b06f6992bf43d51e675868"}
,"C:\\Users\\user\\Desktop\\nodejs_fundamentals\\Node.js_Fundamentals\\integration_testing\\routes\\auth.js": {"path":"C:\\Users\\user\\Desktop\\nodejs_fundamentals\\Node.js_Fundamentals\\integration_testing\\routes\\auth.js","statementMap":{"0":{"start":{"line":1,"column":12},"end":{"line":1,"column":32}},"1":{"start":{"line":2,"column":15},"end":{"line":2,"column":34}},"2":{"start":{"line":3,"column":10},"end":{"line":3,"column":27}},"3":{"start":{"line":4,"column":17},"end":{"line":4,"column":42}},"4":{"start":{"line":5,"column":16},"end":{"line":5,"column":34}},"5":{"start":{"line":6,"column":15},"end":{"line":6,"column":31}},"6":{"start":{"line":8,"column":0},"end":{"line":20,"column":3}},"7":{"start":{"line":9,"column":22},"end":{"line":9,"column":40}},"8":{"start":{"line":10,"column":4},"end":{"line":10,"column":69}},"9":{"start":{"line":10,"column":15},"end":{"line":10,"column":69}},"10":{"start":{"line":12,"column":15},"end":{"line":12,"column":60}},"11":{"start":{"line":13,"column":4},"end":{"line":13,"column":73}},"12":{"start":{"line":13,"column":15},"end":{"line":13,"column":73}},"13":{"start":{"line":15,"column":26},"end":{"line":15,"column":80}},"14":{"start":{"line":16,"column":4},"end":{"line":16,"column":82}},"15":{"start":{"line":16,"column":24},"end":{"line":16,"column":82}},"16":{"start":{"line":18,"column":18},"end":{"line":18,"column":42}},"17":{"start":{"line":19,"column":4},"end":{"line":19,"column":20}},"18":{"start":{"line":23,"column":19},"end":{"line":26,"column":6}},"19":{"start":{"line":28,"column":4},"end":{"line":28,"column":31}},"20":{"start":{"line":31,"column":0},"end":{"line":31,"column":23}}},"fnMap":{"0":{"name":"(anonymous_0)","decl":{"start":{"line":8,"column":17},"end":{"line":8,"column":18}},"loc":{"start":{"line":8,"column":37},"end":{"line":20,"column":1}},"line":8},"1":{"name":"validate","decl":{"start":{"line":22,"column":9},"end":{"line":22,"column":17}},"loc":{"start":{"line":22,"column":23},"end":{"line":29,"column":1}},"line":22}},"branchMap":{"0":{"loc":{"start":{"line":10,"column":4},"end":{"line":10,"column":69}},"type":"if","locations":[{"start":{"line":10,"column":4},"end":{"line":10,"column":69}},{"start":{"line":10,"column":4},"end":{"line":10,"column":69}}],"line":10},"1":{"loc":{"start":{"line":13,"column":4},"end":{"line":13,"column":73}},"type":"if","locations":[{"start":{"line":13,"column":4},"end":{"line":13,"column":73}},{"start":{"line":13,"column":4},"end":{"line":13,"column":73}}],"line":13},"2":{"loc":{"start":{"line":16,"column":4},"end":{"line":16,"column":82}},"type":"if","locations":[{"start":{"line":16,"column":4},"end":{"line":16,"column":82}},{"start":{"line":16,"column":4},"end":{"line":16,"column":82}}],"line":16}},"s":{"0":4,"1":4,"2":4,"3":4,"4":4,"5":4,"6":4,"7":0,"8":0,"9":0,"10":0,"11":0,"12":0,"13":0,"14":0,"15":0,"16":0,"17":0,"18":0,"19":0,"20":4},"f":{"0":0,"1":0},"b":{"0":[0,0],"1":[0,0],"2":[0,0]},"_coverageSchema":"43e27e138ebf9cfc5966b082cf9a028302ed4184","hash":"fff3aabb08911ec437b162b16034ce266e77aab4"}
,"C:\\Users\\user\\Desktop\\nodejs_fundamentals\\Node.js_Fundamentals\\integration_testing\\routes\\customers.js": {"path":"C:\\Users\\user\\Desktop\\nodejs_fundamentals\\Node.js_Fundamentals\\integration_testing\\routes\\customers.js","statementMap":{"0":{"start":{"line":1,"column":39},"end":{"line":1,"column":68}},"1":{"start":{"line":2,"column":17},"end":{"line":2,"column":36}},"2":{"start":{"line":3,"column":16},"end":{"line":3,"column":34}},"3":{"start":{"line":4,"column":15},"end":{"line":4,"column":31}},"4":{"start":{"line":6,"column":0},"end":{"line":9,"column":3}},"5":{"start":{"line":7,"column":22},"end":{"line":7,"column":56}},"6":{"start":{"line":8,"column":4},"end":{"line":8,"column":24}},"7":{"start":{"line":11,"column":0},"end":{"line":23,"column":3}},"8":{"start":{"line":12,"column":22},"end":{"line":12,"column":54}},"9":{"start":{"line":13,"column":4},"end":{"line":13,"column":69}},"10":{"start":{"line":13,"column":15},"end":{"line":13,"column":69}},"11":{"start":{"line":15,"column":19},"end":{"line":19,"column":6}},"12":{"start":{"line":20,"column":4},"end":{"line":20,"column":37}},"13":{"start":{"line":22,"column":4},"end":{"line":22,"column":23}},"14":{"start":{"line":25,"column":0},"end":{"line":39,"column":3}},"15":{"start":{"line":26,"column":22},"end":{"line":26,"column":54}},"16":{"start":{"line":27,"column":4},"end":{"line":27,"column":69}},"17":{"start":{"line":27,"column":15},"end":{"line":27,"column":69}},"18":{"start":{"line":29,"column":21},"end":{"line":34,"column":25}},"19":{"start":{"line":36,"column":4},"end":{"line":36,"column":96}},"20":{"start":{"line":36,"column":19},"end":{"line":36,"column":96}},"21":{"start":{"line":38,"column":4},"end":{"line":38,"column":23}},"22":{"start":{"line":41,"column":0},"end":{"line":47,"column":3}},"23":{"start":{"line":42,"column":21},"end":{"line":42,"column":68}},"24":{"start":{"line":44,"column":4},"end":{"line":44,"column":96}},"25":{"start":{"line":44,"column":19},"end":{"line":44,"column":96}},"26":{"start":{"line":46,"column":4},"end":{"line":46,"column":23}},"27":{"start":{"line":49,"column":0},"end":{"line":55,"column":3}},"28":{"start":{"line":50,"column":21},"end":{"line":50,"column":59}},"29":{"start":{"line":52,"column":4},"end":{"line":52,"column":96}},"30":{"start":{"line":52,"column":19},"end":{"line":52,"column":96}},"31":{"start":{"line":54,"column":4},"end":{"line":54,"column":23}},"32":{"start":{"line":57,"column":0},"end":{"line":57,"column":24}}},"fnMap":{"0":{"name":"(anonymous_0)","decl":{"start":{"line":6,"column":16},"end":{"line":6,"column":17}},"loc":{"start":{"line":6,"column":36},"end":{"line":9,"column":1}},"line":6},"1":{"name":"(anonymous_1)","decl":{"start":{"line":11,"column":17},"end":{"line":11,"column":18}},"loc":{"start":{"line":11,"column":37},"end":{"line":23,"column":1}},"line":11},"2":{"name":"(anonymous_2)","decl":{"start":{"line":25,"column":19},"end":{"line":25,"column":20}},"loc":{"start":{"line":25,"column":39},"end":{"line":39,"column":1}},"line":25},"3":{"name":"(anonymous_3)","decl":{"start":{"line":41,"column":22},"end":{"line":41,"column":23}},"loc":{"start":{"line":41,"column":42},"end":{"line":47,"column":1}},"line":41},"4":{"name":"(anonymous_4)","decl":{"start":{"line":49,"column":19},"end":{"line":49,"column":20}},"loc":{"start":{"line":49,"column":39},"end":{"line":55,"column":1}},"line":49}},"branchMap":{"0":{"loc":{"start":{"line":13,"column":4},"end":{"line":13,"column":69}},"type":"if","locations":[{"start":{"line":13,"column":4},"end":{"line":13,"column":69}},{"start":{"line":13,"column":4},"end":{"line":13,"column":69}}],"line":13},"1":{"loc":{"start":{"line":27,"column":4},"end":{"line":27,"column":69}},"type":"if","locations":[{"start":{"line":27,"column":4},"end":{"line":27,"column":69}},{"start":{"line":27,"column":4},"end":{"line":27,"column":69}}],"line":27},"2":{"loc":{"start":{"line":36,"column":4},"end":{"line":36,"column":96}},"type":"if","locations":[{"start":{"line":36,"column":4},"end":{"line":36,"column":96}},{"start":{"line":36,"column":4},"end":{"line":36,"column":96}}],"line":36},"3":{"loc":{"start":{"line":44,"column":4},"end":{"line":44,"column":96}},"type":"if","locations":[{"start":{"line":44,"column":4},"end":{"line":44,"column":96}},{"start":{"line":44,"column":4},"end":{"line":44,"column":96}}],"line":44},"4":{"loc":{"start":{"line":52,"column":4},"end":{"line":52,"column":96}},"type":"if","locations":[{"start":{"line":52,"column":4},"end":{"line":52,"column":96}},{"start":{"line":52,"column":4},"end":{"line":52,"column":96}}],"line":52}},"s":{"0":4,"1":4,"2":4,"3":4,"4":4,"5":0,"6":0,"7":4,"8":0,"9":0,"10":0,"11":0,"12":0,"13":0,"14":4,"15":0,"16":0,"17":0,"18":0,"19":0,"20":0,"21":0,"22":4,"23":0,"24":0,"25":0,"26":0,"27":4,"28":0,"29":0,"30":0,"31":0,"32":4},"f":{"0":0,"1":0,"2":0,"3":0,"4":0},"b":{"0":[0,0],"1":[0,0],"2":[0,0],"3":[0,0],"4":[0,0]},"_coverageSchema":"43e27e138ebf9cfc5966b082cf9a028302ed4184","hash":"f04453c9a00c313fc234244099d1b222ac635f4d"}
,"C:\\Users\\user\\Desktop\\nodejs_fundamentals\\Node.js_Fundamentals\\integration_testing\\routes\\genres.js": {"path":"C:\\Users\\user\\Desktop\\nodejs_fundamentals\\Node.js_Fundamentals\\integration_testing\\routes\\genres.js","statementMap":{"0":{"start":{"line":1,"column":25},"end":{"line":1,"column":66}},"1":{"start":{"line":2,"column":17},"end":{"line":2,"column":36}},"2":{"start":{"line":3,"column":13},"end":{"line":3,"column":42}},"3":{"start":{"line":4,"column":14},"end":{"line":4,"column":44}},"4":{"start":{"line":5,"column":33},"end":{"line":5,"column":59}},"5":{"start":{"line":6,"column":16},"end":{"line":6,"column":34}},"6":{"start":{"line":7,"column":15},"end":{"line":7,"column":31}},"7":{"start":{"line":9,"column":0},"end":{"line":12,"column":3}},"8":{"start":{"line":10,"column":19},"end":{"line":10,"column":52}},"9":{"start":{"line":11,"column":4},"end":{"line":11,"column":21}},"10":{"start":{"line":14,"column":0},"end":{"line":22,"column":3}},"11":{"start":{"line":15,"column":22},"end":{"line":15,"column":51}},"12":{"start":{"line":16,"column":4},"end":{"line":16,"column":69}},"13":{"start":{"line":16,"column":15},"end":{"line":16,"column":69}},"14":{"start":{"line":18,"column":16},"end":{"line":18,"column":50}},"15":{"start":{"line":19,"column":4},"end":{"line":19,"column":31}},"16":{"start":{"line":21,"column":4},"end":{"line":21,"column":20}},"17":{"start":{"line":24,"column":0},"end":{"line":32,"column":3}},"18":{"start":{"line":25,"column":22},"end":{"line":25,"column":51}},"19":{"start":{"line":26,"column":4},"end":{"line":26,"column":69}},"20":{"start":{"line":26,"column":15},"end":{"line":26,"column":69}},"21":{"start":{"line":28,"column":18},"end":{"line":28,"column":102}},"22":{"start":{"line":29,"column":4},"end":{"line":29,"column":92}},"23":{"start":{"line":29,"column":16},"end":{"line":29,"column":92}},"24":{"start":{"line":31,"column":4},"end":{"line":31,"column":20}},"25":{"start":{"line":34,"column":0},"end":{"line":40,"column":2}},"26":{"start":{"line":35,"column":18},"end":{"line":35,"column":62}},"27":{"start":{"line":37,"column":4},"end":{"line":37,"column":92}},"28":{"start":{"line":37,"column":16},"end":{"line":37,"column":92}},"29":{"start":{"line":39,"column":4},"end":{"line":39,"column":20}},"30":{"start":{"line":42,"column":0},"end":{"line":56,"column":2}},"31":{"start":{"line":47,"column":18},"end":{"line":47,"column":53}},"32":{"start":{"line":53,"column":4},"end":{"line":53,"column":92}},"33":{"start":{"line":53,"column":16},"end":{"line":53,"column":92}},"34":{"start":{"line":55,"column":4},"end":{"line":55,"column":20}},"35":{"start":{"line":58,"column":0},"end":{"line":58,"column":24}}},"fnMap":{"0":{"name":"(anonymous_0)","decl":{"start":{"line":9,"column":16},"end":{"line":9,"column":17}},"loc":{"start":{"line":9,"column":36},"end":{"line":12,"column":1}},"line":9},"1":{"name":"(anonymous_1)","decl":{"start":{"line":14,"column":23},"end":{"line":14,"column":24}},"loc":{"start":{"line":14,"column":43},"end":{"line":22,"column":1}},"line":14},"2":{"name":"(anonymous_2)","decl":{"start":{"line":24,"column":19},"end":{"line":24,"column":20}},"loc":{"start":{"line":24,"column":39},"end":{"line":32,"column":1}},"line":24},"3":{"name":"(anonymous_3)","decl":{"start":{"line":34,"column":37},"end":{"line":34,"column":38}},"loc":{"start":{"line":34,"column":57},"end":{"line":40,"column":1}},"line":34},"4":{"name":"(anonymous_4)","decl":{"start":{"line":42,"column":37},"end":{"line":42,"column":38}},"loc":{"start":{"line":42,"column":57},"end":{"line":56,"column":1}},"line":42}},"branchMap":{"0":{"loc":{"start":{"line":16,"column":4},"end":{"line":16,"column":69}},"type":"if","locations":[{"start":{"line":16,"column":4},"end":{"line":16,"column":69}},{"start":{"line":16,"column":4},"end":{"line":16,"column":69}}],"line":16},"1":{"loc":{"start":{"line":26,"column":4},"end":{"line":26,"column":69}},"type":"if","locations":[{"start":{"line":26,"column":4},"end":{"line":26,"column":69}},{"start":{"line":26,"column":4},"end":{"line":26,"column":69}}],"line":26},"2":{"loc":{"start":{"line":29,"column":4},"end":{"line":29,"column":92}},"type":"if","locations":[{"start":{"line":29,"column":4},"end":{"line":29,"column":92}},{"start":{"line":29,"column":4},"end":{"line":29,"column":92}}],"line":29},"3":{"loc":{"start":{"line":37,"column":4},"end":{"line":37,"column":92}},"type":"if","locations":[{"start":{"line":37,"column":4},"end":{"line":37,"column":92}},{"start":{"line":37,"column":4},"end":{"line":37,"column":92}}],"line":37},"4":{"loc":{"start":{"line":53,"column":4},"end":{"line":53,"column":92}},"type":"if","locations":[{"start":{"line":53,"column":4},"end":{"line":53,"column":92}},{"start":{"line":53,"column":4},"end":{"line":53,"column":92}}],"line":53}},"s":{"0":4,"1":4,"2":4,"3":4,"4":4,"5":4,"6":4,"7":4,"8":3,"9":3,"10":4,"11":13,"12":13,"13":6,"14":7,"15":7,"16":7,"17":4,"18":0,"19":0,"20":0,"21":0,"22":0,"23":0,"24":0,"25":4,"26":0,"27":0,"28":0,"29":0,"30":4,"31":3,"32":3,"33":1,"34":2,"35":4},"f":{"0":3,"1":13,"2":0,"3":0,"4":3},"b":{"0":[6,7],"1":[0,0],"2":[0,0],"3":[0,0],"4":[1,2]},"_coverageSchema":"43e27e138ebf9cfc5966b082cf9a028302ed4184","hash":"f43b1ae5326b3c51bb8bab6564d3ded12156f46b"}
,"C:\\Users\\user\\Desktop\\nodejs_fundamentals\\Node.js_Fundamentals\\integration_testing\\routes\\movies.js": {"path":"C:\\Users\\user\\Desktop\\nodejs_fundamentals\\Node.js_Fundamentals\\integration_testing\\routes\\movies.js","statementMap":{"0":{"start":{"line":1,"column":33},"end":{"line":1,"column":59}},"1":{"start":{"line":2,"column":18},"end":{"line":2,"column":44}},"2":{"start":{"line":3,"column":17},"end":{"line":3,"column":36}},"3":{"start":{"line":4,"column":16},"end":{"line":4,"column":34}},"4":{"start":{"line":5,"column":15},"end":{"line":5,"column":31}},"5":{"start":{"line":7,"column":0},"end":{"line":10,"column":3}},"6":{"start":{"line":8,"column":19},"end":{"line":8,"column":50}},"7":{"start":{"line":9,"column":4},"end":{"line":9,"column":21}},"8":{"start":{"line":12,"column":0},"end":{"line":31,"column":3}},"9":{"start":{"line":13,"column":22},"end":{"line":13,"column":51}},"10":{"start":{"line":14,"column":4},"end":{"line":14,"column":69}},"11":{"start":{"line":14,"column":15},"end":{"line":14,"column":69}},"12":{"start":{"line":16,"column":18},"end":{"line":16,"column":56}},"13":{"start":{"line":17,"column":4},"end":{"line":17,"column":62}},"14":{"start":{"line":17,"column":16},"end":{"line":17,"column":62}},"15":{"start":{"line":19,"column":18},"end":{"line":27,"column":6}},"16":{"start":{"line":28,"column":4},"end":{"line":28,"column":23}},"17":{"start":{"line":30,"column":4},"end":{"line":30,"column":20}},"18":{"start":{"line":33,"column":0},"end":{"line":54,"column":3}},"19":{"start":{"line":34,"column":22},"end":{"line":34,"column":51}},"20":{"start":{"line":35,"column":4},"end":{"line":35,"column":69}},"21":{"start":{"line":35,"column":15},"end":{"line":35,"column":69}},"22":{"start":{"line":37,"column":18},"end":{"line":37,"column":56}},"23":{"start":{"line":38,"column":4},"end":{"line":38,"column":62}},"24":{"start":{"line":38,"column":16},"end":{"line":38,"column":62}},"25":{"start":{"line":40,"column":18},"end":{"line":49,"column":25}},"26":{"start":{"line":51,"column":4},"end":{"line":51,"column":90}},"27":{"start":{"line":51,"column":16},"end":{"line":51,"column":90}},"28":{"start":{"line":53,"column":4},"end":{"line":53,"column":20}},"29":{"start":{"line":56,"column":0},"end":{"line":62,"column":3}},"30":{"start":{"line":57,"column":18},"end":{"line":57,"column":62}},"31":{"start":{"line":59,"column":4},"end":{"line":59,"column":90}},"32":{"start":{"line":59,"column":16},"end":{"line":59,"column":90}},"33":{"start":{"line":61,"column":4},"end":{"line":61,"column":20}},"34":{"start":{"line":64,"column":0},"end":{"line":70,"column":3}},"35":{"start":{"line":65,"column":18},"end":{"line":65,"column":53}},"36":{"start":{"line":67,"column":4},"end":{"line":67,"column":90}},"37":{"start":{"line":67,"column":16},"end":{"line":67,"column":90}},"38":{"start":{"line":69,"column":4},"end":{"line":69,"column":20}},"39":{"start":{"line":72,"column":0},"end":{"line":72,"column":24}}},"fnMap":{"0":{"name":"(anonymous_0)","decl":{"start":{"line":7,"column":16},"end":{"line":7,"column":17}},"loc":{"start":{"line":7,"column":36},"end":{"line":10,"column":1}},"line":7},"1":{"name":"(anonymous_1)","decl":{"start":{"line":12,"column":17},"end":{"line":12,"column":18}},"loc":{"start":{"line":12,"column":37},"end":{"line":31,"column":1}},"line":12},"2":{"name":"(anonymous_2)","decl":{"start":{"line":33,"column":19},"end":{"line":33,"column":20}},"loc":{"start":{"line":33,"column":39},"end":{"line":54,"column":1}},"line":33},"3":{"name":"(anonymous_3)","decl":{"start":{"line":56,"column":22},"end":{"line":56,"column":23}},"loc":{"start":{"line":56,"column":42},"end":{"line":62,"column":1}},"line":56},"4":{"name":"(anonymous_4)","decl":{"start":{"line":64,"column":19},"end":{"line":64,"column":20}},"loc":{"start":{"line":64,"column":39},"end":{"line":70,"column":1}},"line":64}},"branchMap":{"0":{"loc":{"start":{"line":14,"column":4},"end":{"line":14,"column":69}},"type":"if","locations":[{"start":{"line":14,"column":4},"end":{"line":14,"column":69}},{"start":{"line":14,"column":4},"end":{"line":14,"column":69}}],"line":14},"1":{"loc":{"start":{"line":17,"column":4},"end":{"line":17,"column":62}},"type":"if","locations":[{"start":{"line":17,"column":4},"end":{"line":17,"column":62}},{"start":{"line":17,"column":4},"end":{"line":17,"column":62}}],"line":17},"2":{"loc":{"start":{"line":35,"column":4},"end":{"line":35,"column":69}},"type":"if","locations":[{"start":{"line":35,"column":4},"end":{"line":35,"column":69}},{"start":{"line":35,"column":4},"end":{"line":35,"column":69}}],"line":35},"3":{"loc":{"start":{"line":38,"column":4},"end":{"line":38,"column":62}},"type":"if","locations":[{"start":{"line":38,"column":4},"end":{"line":38,"column":62}},{"start":{"line":38,"column":4},"end":{"line":38,"column":62}}],"line":38},"4":{"loc":{"start":{"line":51,"column":4},"end":{"line":51,"column":90}},"type":"if","locations":[{"start":{"line":51,"column":4},"end":{"line":51,"column":90}},{"start":{"line":51,"column":4},"end":{"line":51,"column":90}}],"line":51},"5":{"loc":{"start":{"line":59,"column":4},"end":{"line":59,"column":90}},"type":"if","locations":[{"start":{"line":59,"column":4},"end":{"line":59,"column":90}},{"start":{"line":59,"column":4},"end":{"line":59,"column":90}}],"line":59},"6":{"loc":{"start":{"line":67,"column":4},"end":{"line":67,"column":90}},"type":"if","locations":[{"start":{"line":67,"column":4},"end":{"line":67,"column":90}},{"start":{"line":67,"column":4},"end":{"line":67,"column":90}}],"line":67}},"s":{"0":4,"1":4,"2":4,"3":4,"4":4,"5":4,"6":0,"7":0,"8":4,"9":0,"10":0,"11":0,"12":0,"13":0,"14":0,"15":0,"16":0,"17":0,"18":4,"19":0,"20":0,"21":0,"22":0,"23":0,"24":0,"25":0,"26":0,"27":0,"28":0,"29":4,"30":0,"31":0,"32":0,"33":0,"34":4,"35":0,"36":0,"37":0,"38":0,"39":4},"f":{"0":0,"1":0,"2":0,"3":0,"4":0},"b":{"0":[0,0],"1":[0,0],"2":[0,0],"3":[0,0],"4":[0,0],"5":[0,0],"6":[0,0]},"_coverageSchema":"43e27e138ebf9cfc5966b082cf9a028302ed4184","hash":"0a6ed86003656c77a6c8a66ac6c8f262290fcab2"}
,"C:\\Users\\user\\Desktop\\nodejs_fundamentals\\Node.js_Fundamentals\\integration_testing\\routes\\rentals.js": {"path":"C:\\Users\\user\\Desktop\\nodejs_fundamentals\\Node.js_Fundamentals\\integration_testing\\routes\\rentals.js","statementMap":{"0":{"start":{"line":1,"column":35},"end":{"line":1,"column":62}},"1":{"start":{"line":2,"column":18},"end":{"line":2,"column":44}},"2":{"start":{"line":3,"column":21},"end":{"line":3,"column":50}},"3":{"start":{"line":4,"column":17},"end":{"line":4,"column":36}},"4":{"start":{"line":5,"column":13},"end":{"line":5,"column":28}},"5":{"start":{"line":6,"column":16},"end":{"line":6,"column":34}},"6":{"start":{"line":7,"column":15},"end":{"line":7,"column":31}},"7":{"start":{"line":9,"column":0},"end":{"line":9,"column":20}},"8":{"start":{"line":11,"column":0},"end":{"line":14,"column":3}},"9":{"start":{"line":12,"column":20},"end":{"line":12,"column":56}},"10":{"start":{"line":13,"column":4},"end":{"line":13,"column":22}},"11":{"start":{"line":16,"column":0},"end":{"line":54,"column":3}},"12":{"start":{"line":17,"column":22},"end":{"line":17,"column":52}},"13":{"start":{"line":18,"column":4},"end":{"line":18,"column":69}},"14":{"start":{"line":18,"column":15},"end":{"line":18,"column":69}},"15":{"start":{"line":20,"column":21},"end":{"line":20,"column":65}},"16":{"start":{"line":21,"column":4},"end":{"line":21,"column":68}},"17":{"start":{"line":21,"column":19},"end":{"line":21,"column":68}},"18":{"start":{"line":23,"column":18},"end":{"line":23,"column":56}},"19":{"start":{"line":24,"column":4},"end":{"line":24,"column":62}},"20":{"start":{"line":24,"column":16},"end":{"line":24,"column":62}},"21":{"start":{"line":26,"column":4},"end":{"line":26,"column":86}},"22":{"start":{"line":26,"column":35},"end":{"line":26,"column":86}},"23":{"start":{"line":28,"column":17},"end":{"line":39,"column":6}},"24":{"start":{"line":41,"column":4},"end":{"line":53,"column":5}},"25":{"start":{"line":42,"column":8},"end":{"line":47,"column":19}},"26":{"start":{"line":49,"column":8},"end":{"line":49,"column":25}},"27":{"start":{"line":52,"column":8},"end":{"line":52,"column":50}},"28":{"start":{"line":56,"column":0},"end":{"line":62,"column":3}},"29":{"start":{"line":57,"column":19},"end":{"line":57,"column":55}},"30":{"start":{"line":59,"column":4},"end":{"line":59,"column":92}},"31":{"start":{"line":59,"column":17},"end":{"line":59,"column":92}},"32":{"start":{"line":61,"column":4},"end":{"line":61,"column":21}},"33":{"start":{"line":64,"column":0},"end":{"line":64,"column":24}}},"fnMap":{"0":{"name":"(anonymous_0)","decl":{"start":{"line":11,"column":16},"end":{"line":11,"column":17}},"loc":{"start":{"line":11,"column":36},"end":{"line":14,"column":1}},"line":11},"1":{"name":"(anonymous_1)","decl":{"start":{"line":16,"column":17},"end":{"line":16,"column":18}},"loc":{"start":{"line":16,"column":37},"end":{"line":54,"column":1}},"line":16},"2":{"name":"(anonymous_2)","decl":{"start":{"line":56,"column":19},"end":{"line":56,"column":20}},"loc":{"start":{"line":56,"column":39},"end":{"line":62,"column":1}},"line":56}},"branchMap":{"0":{"loc":{"start":{"line":18,"column":4},"end":{"line":18,"column":69}},"type":"if","locations":[{"start":{"line":18,"column":4},"end":{"line":18,"column":69}},{"start":{"line":18,"column":4},"end":{"line":18,"column":69}}],"line":18},"1":{"loc":{"start":{"line":21,"column":4},"end":{"line":21,"column":68}},"type":"if","locations":[{"start":{"line":21,"column":4},"end":{"line":21,"column":68}},{"start":{"line":21,"column":4},"end":{"line":21,"column":68}}],"line":21},"2":{"loc":{"start":{"line":24,"column":4},"end":{"line":24,"column":62}},"type":"if","locations":[{"start":{"line":24,"column":4},"end":{"line":24,"column":62}},{"start":{"line":24,"column":4},"end":{"line":24,"column":62}}],"line":24},"3":{"loc":{"start":{"line":26,"column":4},"end":{"line":26,"column":86}},"type":"if","locations":[{"start":{"line":26,"column":4},"end":{"line":26,"column":86}},{"start":{"line":26,"column":4},"end":{"line":26,"column":86}}],"line":26},"4":{"loc":{"start":{"line":59,"column":4},"end":{"line":59,"column":92}},"type":"if","locations":[{"start":{"line":59,"column":4},"end":{"line":59,"column":92}},{"start":{"line":59,"column":4},"end":{"line":59,"column":92}}],"line":59}},"s":{"0":4,"1":4,"2":4,"3":4,"4":4,"5":4,"6":4,"7":4,"8":4,"9":0,"10":0,"11":4,"12":0,"13":0,"14":0,"15":0,"16":0,"17":0,"18":0,"19":0,"20":0,"21":0,"22":0,"23":0,"24":0,"25":0,"26":0,"27":0,"28":4,"29":0,"30":0,"31":0,"32":0,"33":4},"f":{"0":0,"1":0,"2":0},"b":{"0":[0,0],"1":[0,0],"2":[0,0],"3":[0,0],"4":[0,0]},"_coverageSchema":"43e27e138ebf9cfc5966b082cf9a028302ed4184","hash":"e0f5db1ebc4c5adcd22c513ccc49d91e644f93dc"}
,"C:\\Users\\user\\Desktop\\nodejs_fundamentals\\Node.js_Fundamentals\\integration_testing\\routes\\users.js": {"path":"C:\\Users\\user\\Desktop\\nodejs_fundamentals\\Node.js_Fundamentals\\integration_testing\\routes\\users.js","statementMap":{"0":{"start":{"line":1,"column":14},"end":{"line":1,"column":44}},"1":{"start":{"line":2,"column":13},"end":{"line":2,"column":42}},"2":{"start":{"line":3,"column":15},"end":{"line":3,"column":34}},"3":{"start":{"line":4,"column":10},"end":{"line":4,"column":27}},"4":{"start":{"line":5,"column":31},"end":{"line":5,"column":56}},"5":{"start":{"line":6,"column":16},"end":{"line":6,"column":34}},"6":{"start":{"line":7,"column":15},"end":{"line":7,"column":31}},"7":{"start":{"line":10,"column":0},"end":{"line":13,"column":2}},"8":{"start":{"line":11,"column":17},"end":{"line":11,"column":70}},"9":{"start":{"line":12,"column":4},"end":{"line":12,"column":18}},"10":{"start":{"line":15,"column":0},"end":{"line":29,"column":3}},"11":{"start":{"line":16,"column":22},"end":{"line":16,"column":44}},"12":{"start":{"line":17,"column":4},"end":{"line":17,"column":69}},"13":{"start":{"line":17,"column":15},"end":{"line":17,"column":69}},"14":{"start":{"line":19,"column":15},"end":{"line":19,"column":60}},"15":{"start":{"line":20,"column":4},"end":{"line":20,"column":70}},"16":{"start":{"line":20,"column":14},"end":{"line":20,"column":70}},"17":{"start":{"line":22,"column":4},"end":{"line":22,"column":69}},"18":{"start":{"line":23,"column":17},"end":{"line":23,"column":41}},"19":{"start":{"line":24,"column":4},"end":{"line":24,"column":59}},"20":{"start":{"line":25,"column":4},"end":{"line":25,"column":22}},"21":{"start":{"line":27,"column":18},"end":{"line":27,"column":42}},"22":{"start":{"line":28,"column":4},"end":{"line":28,"column":83}},"23":{"start":{"line":31,"column":0},"end":{"line":31,"column":24}}},"fnMap":{"0":{"name":"(anonymous_0)","decl":{"start":{"line":10,"column":33},"end":{"line":10,"column":34}},"loc":{"start":{"line":10,"column":53},"end":{"line":13,"column":1}},"line":10},"1":{"name":"(anonymous_1)","decl":{"start":{"line":15,"column":17},"end":{"line":15,"column":18}},"loc":{"start":{"line":15,"column":37},"end":{"line":29,"column":1}},"line":15}},"branchMap":{"0":{"loc":{"start":{"line":17,"column":4},"end":{"line":17,"column":69}},"type":"if","locations":[{"start":{"line":17,"column":4},"end":{"line":17,"column":69}},{"start":{"line":17,"column":4},"end":{"line":17,"column":69}}],"line":17},"1":{"loc":{"start":{"line":20,"column":4},"end":{"line":20,"column":70}},"type":"if","locations":[{"start":{"line":20,"column":4},"end":{"line":20,"column":70}},{"start":{"line":20,"column":4},"end":{"line":20,"column":70}}],"line":20}},"s":{"0":4,"1":4,"2":4,"3":4,"4":4,"5":4,"6":4,"7":4,"8":0,"9":0,"10":4,"11":0,"12":0,"13":0,"14":0,"15":0,"16":0,"17":0,"18":0,"19":0,"20":0,"21":0,"22":0,"23":4},"f":{"0":0,"1":0},"b":{"0":[0,0],"1":[0,0]},"_coverageSchema":"43e27e138ebf9cfc5966b082cf9a028302ed4184","hash":"d50d1b5aa88741c54cf67411bc7d7c906086d06b"}
,"C:\\Users\\user\\Desktop\\nodejs_fundamentals\\Node.js_Fundamentals\\integration_testing\\startup\\config.js": {"path":"C:\\Users\\user\\Desktop\\nodejs_fundamentals\\Node.js_Fundamentals\\integration_testing\\startup\\config.js","statementMap":{"0":{"start":{"line":1,"column":15},"end":{"line":1,"column":32}},"1":{"start":{"line":2,"column":0},"end":{"line":2,"column":15}},"2":{"start":{"line":4,"column":0},"end":{"line":9,"column":1}},"3":{"start":{"line":5,"column":4},"end":{"line":8,"column":5}},"4":{"start":{"line":6,"column":8},"end":{"line":6,"column":69}},"5":{"start":{"line":7,"column":8},"end":{"line":7,"column":23}}},"fnMap":{"0":{"name":"(anonymous_0)","decl":{"start":{"line":4,"column":17},"end":{"line":4,"column":18}},"loc":{"start":{"line":4,"column":29},"end":{"line":9,"column":1}},"line":4}},"branchMap":{"0":{"loc":{"start":{"line":5,"column":4},"end":{"line":8,"column":5}},"type":"if","locations":[{"start":{"line":5,"column":4},"end":{"line":8,"column":5}},{"start":{"line":5,"column":4},"end":{"line":8,"column":5}}],"line":5}},"s":{"0":4,"1":4,"2":4,"3":4,"4":0,"5":0},"f":{"0":4},"b":{"0":[0,4]},"_coverageSchema":"43e27e138ebf9cfc5966b082cf9a028302ed4184","hash":"0015193bcc12d94fe44f7ab04d7f23a490672746"}
,"C:\\Users\\user\\Desktop\\nodejs_fundamentals\\Node.js_Fundamentals\\integration_testing\\startup\\db.js": {"path":"C:\\Users\\user\\Desktop\\nodejs_fundamentals\\Node.js_Fundamentals\\integration_testing\\startup\\db.js","statementMap":{"0":{"start":{"line":1,"column":19},"end":{"line":1,"column":46}},"1":{"start":{"line":2,"column":17},"end":{"line":2,"column":36}},"2":{"start":{"line":3,"column":15},"end":{"line":3,"column":32}},"3":{"start":{"line":4,"column":0},"end":{"line":4,"column":15}},"4":{"start":{"line":6,"column":0},"end":{"line":16,"column":1}},"5":{"start":{"line":7,"column":20},"end":{"line":11,"column":5}},"6":{"start":{"line":13,"column":4},"end":{"line":15,"column":73}},"7":{"start":{"line":14,"column":20},"end":{"line":14,"column":82}},"8":{"start":{"line":15,"column":24},"end":{"line":15,"column":71}}},"fnMap":{"0":{"name":"(anonymous_0)","decl":{"start":{"line":6,"column":17},"end":{"line":6,"column":18}},"loc":{"start":{"line":6,"column":29},"end":{"line":16,"column":1}},"line":6},"1":{"name":"(anonymous_1)","decl":{"start":{"line":14,"column":14},"end":{"line":14,"column":15}},"loc":{"start":{"line":14,"column":20},"end":{"line":14,"column":82}},"line":14},"2":{"name":"(anonymous_2)","decl":{"start":{"line":15,"column":15},"end":{"line":15,"column":16}},"loc":{"start":{"line":15,"column":24},"end":{"line":15,"column":71}},"line":15}},"branchMap":{},"s":{"0":4,"1":4,"2":4,"3":4,"4":4,"5":4,"6":4,"7":4,"8":0},"f":{"0":4,"1":4,"2":0},"b":{},"_coverageSchema":"43e27e138ebf9cfc5966b082cf9a028302ed4184","hash":"a563dd8ebba4f098f4f4c574ccf4bf9e72ea634d"}
,"C:\\Users\\user\\Desktop\\nodejs_fundamentals\\Node.js_Fundamentals\\integration_testing\\startup\\logging.js": {"path":"C:\\Users\\user\\Desktop\\nodejs_fundamentals\\Node.js_Fundamentals\\integration_testing\\startup\\logging.js","statementMap":{"0":{"start":{"line":1,"column":16},"end":{"line":1,"column":34}},"1":{"start":{"line":2,"column":19},"end":{"line":2,"column":46}},"2":{"start":{"line":3,"column":0},"end":{"line":3,"column":31}},"3":{"start":{"line":5,"column":0},"end":{"line":23,"column":1}},"4":{"start":{"line":6,"column":4},"end":{"line":10,"column":7}},"5":{"start":{"line":7,"column":8},"end":{"line":7,"column":52}},"6":{"start":{"line":8,"column":8},"end":{"line":8,"column":25}},"7":{"start":{"line":9,"column":8},"end":{"line":9,"column":24}},"8":{"start":{"line":12,"column":4},"end":{"line":16,"column":6}},"9":{"start":{"line":13,"column":8},"end":{"line":13,"column":53}},"10":{"start":{"line":14,"column":8},"end":{"line":14,"column":25}},"11":{"start":{"line":15,"column":8},"end":{"line":15,"column":24}},"12":{"start":{"line":18,"column":4},"end":{"line":18,"column":70}}},"fnMap":{"0":{"name":"(anonymous_0)","decl":{"start":{"line":5,"column":17},"end":{"line":5,"column":18}},"loc":{"start":{"line":5,"column":29},"end":{"line":23,"column":1}},"line":5},"1":{"name":"(anonymous_1)","decl":{"start":{"line":6,"column":36},"end":{"line":6,"column":37}},"loc":{"start":{"line":6,"column":44},"end":{"line":10,"column":5}},"line":6},"2":{"name":"(anonymous_2)","decl":{"start":{"line":12,"column":37},"end":{"line":12,"column":38}},"loc":{"start":{"line":12,"column":45},"end":{"line":16,"column":5}},"line":12}},"branchMap":{},"s":{"0":4,"1":4,"2":4,"3":4,"4":0,"5":0,"6":0,"7":0,"8":0,"9":0,"10":0,"11":0,"12":0},"f":{"0":0,"1":0,"2":0},"b":{},"_coverageSchema":"43e27e138ebf9cfc5966b082cf9a028302ed4184","hash":"f681aee2ae8d3cb43602f8b00dfefb225c03cb9b"}
,"C:\\Users\\user\\Desktop\\nodejs_fundamentals\\Node.js_Fundamentals\\integration_testing\\startup\\routes.js": {"path":"C:\\Users\\user\\Desktop\\nodejs_fundamentals\\Node.js_Fundamentals\\integration_testing\\startup\\routes.js","statementMap":{"0":{"start":{"line":1,"column":16},"end":{"line":1,"column":34}},"1":{"start":{"line":2,"column":15},"end":{"line":2,"column":42}},"2":{"start":{"line":3,"column":18},"end":{"line":3,"column":48}},"3":{"start":{"line":4,"column":15},"end":{"line":4,"column":42}},"4":{"start":{"line":5,"column":16},"end":{"line":5,"column":44}},"5":{"start":{"line":6,"column":14},"end":{"line":6,"column":40}},"6":{"start":{"line":7,"column":13},"end":{"line":7,"column":38}},"7":{"start":{"line":8,"column":14},"end":{"line":8,"column":44}},"8":{"start":{"line":9,"column":15},"end":{"line":9,"column":32}},"9":{"start":{"line":10,"column":15},"end":{"line":10,"column":32}},"10":{"start":{"line":14,"column":0},"end":{"line":27,"column":1}},"11":{"start":{"line":16,"column":4},"end":{"line":16,"column":51}},"12":{"start":{"line":17,"column":4},"end":{"line":17,"column":28}},"13":{"start":{"line":18,"column":4},"end":{"line":18,"column":28}},"14":{"start":{"line":19,"column":4},"end":{"line":19,"column":22}},"15":{"start":{"line":20,"column":4},"end":{"line":20,"column":35}},"16":{"start":{"line":21,"column":4},"end":{"line":21,"column":41}},"17":{"start":{"line":22,"column":4},"end":{"line":22,"column":35}},"18":{"start":{"line":23,"column":4},"end":{"line":23,"column":37}},"19":{"start":{"line":24,"column":4},"end":{"line":24,"column":33}},"20":{"start":{"line":25,"column":4},"end":{"line":25,"column":31}},"21":{"start":{"line":26,"column":4},"end":{"line":26,"column":18}}},"fnMap":{"0":{"name":"(anonymous_0)","decl":{"start":{"line":14,"column":17},"end":{"line":14,"column":18}},"loc":{"start":{"line":14,"column":32},"end":{"line":27,"column":1}},"line":14}},"branchMap":{},"s":{"0":4,"1":4,"2":4,"3":4,"4":4,"5":4,"6":4,"7":4,"8":4,"9":4,"10":4,"11":4,"12":4,"13":4,"14":4,"15":4,"16":4,"17":4,"18":4,"19":4,"20":4,"21":4},"f":{"0":4},"b":{},"_coverageSchema":"43e27e138ebf9cfc5966b082cf9a028302ed4184","hash":"526f18161c24a1f38650c08d7f2d1dc1278a6f4f"}
,"C:\\Users\\user\\Desktop\\nodejs_fundamentals\\Node.js_Fundamentals\\integration_testing\\startup\\validation.js": {"path":"C:\\Users\\user\\Desktop\\nodejs_fundamentals\\Node.js_Fundamentals\\integration_testing\\startup\\validation.js","statementMap":{"0":{"start":{"line":1,"column":12},"end":{"line":1,"column":32}},"1":{"start":{"line":3,"column":0},"end":{"line":5,"column":1}},"2":{"start":{"line":4,"column":4},"end":{"line":4,"column":48}}},"fnMap":{"0":{"name":"(anonymous_0)","decl":{"start":{"line":3,"column":17},"end":{"line":3,"column":18}},"loc":{"start":{"line":3,"column":29},"end":{"line":5,"column":1}},"line":3}},"branchMap":{},"s":{"0":4,"1":4,"2":4},"f":{"0":4},"b":{},"_coverageSchema":"43e27e138ebf9cfc5966b082cf9a028302ed4184","hash":"0ec20119c88d90b460506190d67beb940f7619f4"}
}
