TN:
SF:C:\Users\user\Desktop\nodejs_fundamentals\Node.js_Fundamentals\integration_testing\index.js
FN:15,(anonymous_0)
FNF:1
FNH:1
FNDA:4,(anonymous_0)
DA:1,4
DA:2,4
DA:3,4
DA:4,4
DA:6,4
DA:8,4
DA:9,4
DA:10,4
DA:11,4
DA:12,4
DA:14,4
DA:15,4
DA:17,4
LF:13
LH:13
BRDA:14,0,0,4
BRDA:14,0,1,4
BRF:2
BRH:2
end_of_record
TN:
SF:C:\Users\user\Desktop\nodejs_fundamentals\Node.js_Fundamentals\integration_testing\helper\logger.js
FNF:0
FNH:0
DA:1,4
DA:2,4
DA:17,4
LF:3
LH:3
BRF:0
BRH:0
end_of_record
TN:
SF:C:\Users\user\Desktop\nodejs_fundamentals\Node.js_Fundamentals\integration_testing\middleware\admin.js
FN:1,(anonymous_0)
FNF:1
FNH:0
FNDA:0,(anonymous_0)
DA:1,4
DA:6,0
DA:7,0
DA:9,0
LF:4
LH:1
BRDA:7,0,0,0
BRDA:7,0,1,0
BRF:2
BRH:0
end_of_record
TN:
SF:C:\Users\user\Desktop\nodejs_fundamentals\Node.js_Fundamentals\integration_testing\middleware\auth.js
FN:5,(anonymous_0)
FNF:1
FNH:1
FNDA:19,(anonymous_0)
DA:1,5
DA:2,5
DA:3,5
DA:5,5
DA:6,19
DA:7,19
DA:9,15
DA:10,15
DA:11,14
DA:12,14
DA:16,1
LF:11
LH:11
BRDA:7,0,0,4
BRDA:7,0,1,15
BRF:2
BRH:2
end_of_record
TN:
SF:C:\Users\user\Desktop\nodejs_fundamentals\Node.js_Fundamentals\integration_testing\middleware\error.js
FN:3,(anonymous_0)
FNF:1
FNH:0
FNDA:0,(anonymous_0)
DA:1,4
DA:3,4
DA:4,0
DA:6,0
LF:4
LH:2
BRF:0
BRH:0
end_of_record
TN:
SF:C:\Users\user\Desktop\nodejs_fundamentals\Node.js_Fundamentals\integration_testing\middleware\validateObjectId.js
FN:3,(anonymous_0)
FNF:1
FNH:1
FNDA:6,(anonymous_0)
DA:1,4
DA:3,4
DA:5,6
DA:6,3
DA:10,3
LF:5
LH:5
BRDA:5,0,0,3
BRDA:5,0,1,3
BRF:2
BRH:2
end_of_record
TN:
SF:C:\Users\user\Desktop\nodejs_fundamentals\Node.js_Fundamentals\integration_testing\models\customer.js
FN:23,validateCustomer
FNF:1
FNH:0
FNDA:0,validateCustomer
DA:1,4
DA:2,4
DA:4,4
DA:24,0
DA:30,0
DA:33,4
LF:6
LH:4
BRF:0
BRH:0
end_of_record
TN:
SF:C:\Users\user\Desktop\nodejs_fundamentals\Node.js_Fundamentals\integration_testing\models\genre.js
FN:15,validateGenre
FNF:1
FNH:1
FNDA:13,validateGenre
DA:1,4
DA:2,4
DA:4,4
DA:13,4
DA:16,13
DA:20,13
DA:23,4
LF:7
LH:7
BRF:0
BRH:0
end_of_record
TN:
SF:C:\Users\user\Desktop\nodejs_fundamentals\Node.js_Fundamentals\integration_testing\models\movie.js
FN:31,validateMovie
FNF:1
FNH:0
FNDA:0,validateMovie
DA:1,4
DA:2,4
DA:3,4
DA:5,4
DA:32,0
DA:39,0
DA:42,4
LF:7
LH:5
BRF:0
BRH:0
end_of_record
TN:
SF:C:\Users\user\Desktop\nodejs_fundamentals\Node.js_Fundamentals\integration_testing\models\rental.js
FN:60,validateRental
FNF:1
FNH:0
FNDA:0,validateRental
DA:1,4
DA:2,4
DA:4,4
DA:61,0
DA:66,0
DA:69,4
LF:6
LH:4
BRF:0
BRH:0
end_of_record
TN:
SF:C:\Users\user\Desktop\nodejs_fundamentals\Node.js_Fundamentals\integration_testing\models\user.js
FN:30,(anonymous_0)
FN:37,validateUser
FNF:2
FNH:1
FNDA:19,(anonymous_0)
FNDA:0,validateUser
DA:1,6
DA:2,6
DA:3,6
DA:4,6
DA:5,6
DA:7,6
DA:30,6
DA:31,19
DA:32,19
DA:35,6
DA:38,0
DA:44,0
DA:47,6
DA:48,6
LF:14
LH:12
BRF:0
BRH:0
end_of_record
TN:
SF:C:\Users\user\Desktop\nodejs_fundamentals\Node.js_Fundamentals\integration_testing\routes\auth.js
FN:8,(anonymous_0)
FN:22,validate
FNF:2
FNH:0
FNDA:0,(anonymous_0)
FNDA:0,validate
DA:1,4
DA:2,4
DA:3,4
DA:4,4
DA:5,4
DA:6,4
DA:8,4
DA:9,0
DA:10,0
DA:12,0
DA:13,0
DA:15,0
DA:16,0
DA:18,0
DA:19,0
DA:23,0
DA:28,0
DA:31,4
LF:18
LH:8
BRDA:10,0,0,0
BRDA:10,0,1,0
BRDA:13,1,0,0
BRDA:13,1,1,0
BRDA:16,2,0,0
BRDA:16,2,1,0
BRF:6
BRH:0
end_of_record
TN:
SF:C:\Users\user\Desktop\nodejs_fundamentals\Node.js_Fundamentals\integration_testing\routes\customers.js
FN:6,(anonymous_0)
FN:11,(anonymous_1)
FN:25,(anonymous_2)
FN:41,(anonymous_3)
FN:49,(anonymous_4)
FNF:5
FNH:0
FNDA:0,(anonymous_0)
FNDA:0,(anonymous_1)
FNDA:0,(anonymous_2)
FNDA:0,(anonymous_3)
FNDA:0,(anonymous_4)
DA:1,4
DA:2,4
DA:3,4
DA:4,4
DA:6,4
DA:7,0
DA:8,0
DA:11,4
DA:12,0
DA:13,0
DA:15,0
DA:20,0
DA:22,0
DA:25,4
DA:26,0
DA:27,0
DA:29,0
DA:36,0
DA:38,0
DA:41,4
DA:42,0
DA:44,0
DA:46,0
DA:49,4
DA:50,0
DA:52,0
DA:54,0
DA:57,4
LF:28
LH:10
BRDA:13,0,0,0
BRDA:13,0,1,0
BRDA:27,1,0,0
BRDA:27,1,1,0
BRDA:36,2,0,0
BRDA:36,2,1,0
BRDA:44,3,0,0
BRDA:44,3,1,0
BRDA:52,4,0,0
BRDA:52,4,1,0
BRF:10
BRH:0
end_of_record
TN:
SF:C:\Users\user\Desktop\nodejs_fundamentals\Node.js_Fundamentals\integration_testing\routes\genres.js
FN:9,(anonymous_0)
FN:14,(anonymous_1)
FN:24,(anonymous_2)
FN:34,(anonymous_3)
FN:42,(anonymous_4)
FNF:5
FNH:3
FNDA:3,(anonymous_0)
FNDA:13,(anonymous_1)
FNDA:0,(anonymous_2)
FNDA:0,(anonymous_3)
FNDA:3,(anonymous_4)
DA:1,4
DA:2,4
DA:3,4
DA:4,4
DA:5,4
DA:6,4
DA:7,4
DA:9,4
DA:10,3
DA:11,3
DA:14,4
DA:15,13
DA:16,13
DA:18,7
DA:19,7
DA:21,7
DA:24,4
DA:25,0
DA:26,0
DA:28,0
DA:29,0
DA:31,0
DA:34,4
DA:35,0
DA:37,0
DA:39,0
DA:42,4
DA:47,3
DA:53,3
DA:55,2
DA:58,4
LF:31
LH:23
BRDA:16,0,0,6
BRDA:16,0,1,7
BRDA:26,1,0,0
BRDA:26,1,1,0
BRDA:29,2,0,0
BRDA:29,2,1,0
BRDA:37,3,0,0
BRDA:37,3,1,0
BRDA:53,4,0,1
BRDA:53,4,1,2
BRF:10
BRH:4
end_of_record
TN:
SF:C:\Users\user\Desktop\nodejs_fundamentals\Node.js_Fundamentals\integration_testing\routes\movies.js
FN:7,(anonymous_0)
FN:12,(anonymous_1)
FN:33,(anonymous_2)
FN:56,(anonymous_3)
FN:64,(anonymous_4)
FNF:5
FNH:0
FNDA:0,(anonymous_0)
FNDA:0,(anonymous_1)
FNDA:0,(anonymous_2)
FNDA:0,(anonymous_3)
FNDA:0,(anonymous_4)
DA:1,4
DA:2,4
DA:3,4
DA:4,4
DA:5,4
DA:7,4
DA:8,0
DA:9,0
DA:12,4
DA:13,0
DA:14,0
DA:16,0
DA:17,0
DA:19,0
DA:28,0
DA:30,0
DA:33,4
DA:34,0
DA:35,0
DA:37,0
DA:38,0
DA:40,0
DA:51,0
DA:53,0
DA:56,4
DA:57,0
DA:59,0
DA:61,0
DA:64,4
DA:65,0
DA:67,0
DA:69,0
DA:72,4
LF:33
LH:11
BRDA:14,0,0,0
BRDA:14,0,1,0
BRDA:17,1,0,0
BRDA:17,1,1,0
BRDA:35,2,0,0
BRDA:35,2,1,0
BRDA:38,3,0,0
BRDA:38,3,1,0
BRDA:51,4,0,0
BRDA:51,4,1,0
BRDA:59,5,0,0
BRDA:59,5,1,0
BRDA:67,6,0,0
BRDA:67,6,1,0
BRF:14
BRH:0
end_of_record
TN:
SF:C:\Users\user\Desktop\nodejs_fundamentals\Node.js_Fundamentals\integration_testing\routes\rentals.js
FN:11,(anonymous_0)
FN:16,(anonymous_1)
FN:56,(anonymous_2)
FNF:3
FNH:0
FNDA:0,(anonymous_0)
FNDA:0,(anonymous_1)
FNDA:0,(anonymous_2)
DA:1,4
DA:2,4
DA:3,4
DA:4,4
DA:5,4
DA:6,4
DA:7,4
DA:9,4
DA:11,4
DA:12,0
DA:13,0
DA:16,4
DA:17,0
DA:18,0
DA:20,0
DA:21,0
DA:23,0
DA:24,0
DA:26,0
DA:28,0
DA:41,0
DA:42,0
DA:49,0
DA:52,0
DA:56,4
DA:57,0
DA:59,0
DA:61,0
DA:64,4
LF:29
LH:12
BRDA:18,0,0,0
BRDA:18,0,1,0
BRDA:21,1,0,0
BRDA:21,1,1,0
BRDA:24,2,0,0
BRDA:24,2,1,0
BRDA:26,3,0,0
BRDA:26,3,1,0
BRDA:59,4,0,0
BRDA:59,4,1,0
BRF:10
BRH:0
end_of_record
TN:
SF:C:\Users\user\Desktop\nodejs_fundamentals\Node.js_Fundamentals\integration_testing\routes\users.js
FN:10,(anonymous_0)
FN:15,(anonymous_1)
FNF:2
FNH:0
FNDA:0,(anonymous_0)
FNDA:0,(anonymous_1)
DA:1,4
DA:2,4
DA:3,4
DA:4,4
DA:5,4
DA:6,4
DA:7,4
DA:10,4
DA:11,0
DA:12,0
DA:15,4
DA:16,0
DA:17,0
DA:19,0
DA:20,0
DA:22,0
DA:23,0
DA:24,0
DA:25,0
DA:27,0
DA:28,0
DA:31,4
LF:22
LH:10
BRDA:17,0,0,0
BRDA:17,0,1,0
BRDA:20,1,0,0
BRDA:20,1,1,0
BRF:4
BRH:0
end_of_record
TN:
SF:C:\Users\user\Desktop\nodejs_fundamentals\Node.js_Fundamentals\integration_testing\startup\config.js
FN:4,(anonymous_0)
FNF:1
FNH:1
FNDA:4,(anonymous_0)
DA:1,4
DA:2,4
DA:4,4
DA:5,4
DA:6,0
DA:7,0
LF:6
LH:4
BRDA:5,0,0,0
BRDA:5,0,1,4
BRF:2
BRH:1
end_of_record
TN:
SF:C:\Users\user\Desktop\nodejs_fundamentals\Node.js_Fundamentals\integration_testing\startup\db.js
FN:6,(anonymous_0)
FN:14,(anonymous_1)
FN:15,(anonymous_2)
FNF:3
FNH:2
FNDA:4,(anonymous_0)
FNDA:4,(anonymous_1)
FNDA:0,(anonymous_2)
DA:1,4
DA:2,4
DA:3,4
DA:4,4
DA:6,4
DA:7,4
DA:13,4
DA:14,4
DA:15,0
LF:9
LH:8
BRF:0
BRH:0
end_of_record
TN:
SF:C:\Users\user\Desktop\nodejs_fundamentals\Node.js_Fundamentals\integration_testing\startup\logging.js
FN:5,(anonymous_0)
FN:6,(anonymous_1)
FN:12,(anonymous_2)
FNF:3
FNH:0
FNDA:0,(anonymous_0)
FNDA:0,(anonymous_1)
FNDA:0,(anonymous_2)
DA:1,4
DA:2,4
DA:3,4
DA:5,4
DA:6,0
DA:7,0
DA:8,0
DA:9,0
DA:12,0
DA:13,0
DA:14,0
DA:15,0
DA:18,0
LF:13
LH:4
BRF:0
BRH:0
end_of_record
TN:
SF:C:\Users\user\Desktop\nodejs_fundamentals\Node.js_Fundamentals\integration_testing\startup\routes.js
FN:14,(anonymous_0)
FNF:1
FNH:1
FNDA:4,(anonymous_0)
DA:1,4
DA:2,4
DA:3,4
DA:4,4
DA:5,4
DA:6,4
DA:7,4
DA:8,4
DA:9,4
DA:10,4
DA:14,4
DA:16,4
DA:17,4
DA:18,4
DA:19,4
DA:20,4
DA:21,4
DA:22,4
DA:23,4
DA:24,4
DA:25,4
DA:26,4
LF:22
LH:22
BRF:0
BRH:0
end_of_record
TN:
SF:C:\Users\user\Desktop\nodejs_fundamentals\Node.js_Fundamentals\integration_testing\startup\validation.js
FN:3,(anonymous_0)
FNF:1
FNH:1
FNDA:4,(anonymous_0)
DA:1,4
DA:3,4
DA:4,4
LF:3
LH:3
BRF:0
BRH:0
end_of_record
